[2026-06-15 11:46:14]  ═════ SESSION STARTED ═════
[2026-06-15 11:46:26]  User: bokang lynx Lenkoane
[2026-06-15 11:46:26]  User identified: bokang lynx Lenkoane
[2026-06-15 11:46:26]  Bot: Nice to meet you, bokang lynx Lenkoane! 😊  I can help you with:   🎣  Phishing 
[2026-06-15 11:46:38]  ═════ SESSION ENDED ═════
[2026-06-23 23:37:56]  ═════ SESSION STARTED ═════
[2026-06-23 23:38:23]  User: bokang
[2026-06-23 23:38:23]  User identified: bokang
[2026-06-23 23:38:23]  Bot: Nice to meet you, bokang! 😊  I can help you with:   🎣  Phishing          —  ty
[2026-06-23 23:39:22]  Task added: early
[2026-06-23 23:39:25]  Task 1 completed
[2026-06-23 23:39:28]  Task 1 deleted
[2026-06-23 23:44:04]  Quiz started via Quiz tab
[2026-06-23 23:44:12]  Quiz answer: B
[2026-06-23 23:44:23]  Quiz answer: A
[2026-06-23 23:44:33]  Quiz answer: B
[2026-06-23 23:44:43]  Quiz answer: B
[2026-06-23 23:44:52]  Quiz answer: B
[2026-06-23 23:44:52]  Quiz completed — score: 5/5
[2026-06-23 23:44:58]  Quiz started via Quiz tab
[2026-06-23 23:45:01]  Chat cleared by user
[2026-06-23 23:45:05]  ═════ SESSION ENDED ═════
[2026-06-24 00:07:36]  ═════ SESSION STARTED ═════
[2026-06-24 00:07:52]  User: bokang
[2026-06-24 00:07:52]  User identified: bokang
[2026-06-24 00:07:52]  Bot: Nice to meet you, bokang! 😊  I can help you with:   🎣  Phishing          —  ty
[2026-06-24 00:08:26]  User: i think i got phished, what do i do
[2026-06-24 00:08:26]  Bot: 🎣  PHISHING ──────────────────────────────────────────────── Phishing tricks yo
[2026-06-24 00:09:05]  User: im really scared my password got hacked
[2026-06-24 00:09:05]  Bot: 😟  I hear your concern, bokang. Let me help.  🔑  PASSWORDS ───────────────────
[2026-06-24 00:09:59]  Task added: Enable 2FA
[2026-06-24 00:10:12]  Task 2 completed
[2026-06-24 00:10:19]  Task 2 deleted
[2026-06-24 00:10:28]  Quiz started via Quiz tab
[2026-06-24 00:10:39]  Quiz answer: B
[2026-06-24 00:10:45]  Quiz answer: A
[2026-06-24 00:10:59]  Quiz answer: B
[2026-06-24 00:11:07]  Quiz answer: D
[2026-06-24 00:11:13]  Quiz answer: B
[2026-06-24 00:11:13]  Quiz completed — score: 5/5
[2026-06-24 00:11:36]  Chat cleared by user
[2026-06-24 00:23:13]  ═════ SESSION ENDED ═════
